This is pdfTeX, Version 3.141592653-2.6-1.40.22 (TeX Live 2022/dev/Debian) (preloaded format=pdflatex 2024.9.28)  22 DEC 2024 15:43
entering extended mode
 restricted \write18 enabled.
 file:line:error style messages enabled.
 %&-line parsing enabled.
**"/media/candido/Extreme SSD/Unipi/Secondo anno/Lab 2/Materiale/Esercizi/Relazionenatalizia/main.tex"
(/media/candido/Extreme SSD/Unipi/Secondo anno/Lab 2/Materiale/Esercizi/Relazionenatalizia/main.tex
LaTeX2e <2021-11-15> patch level 1
L3 programming layer <2022-01-21> (/usr/share/texlive/texmf-dist/tex/latex/base/article.cls
Document Class: article 2021/10/04 v1.4n Standard LaTeX document class
(/usr/share/texlive/texmf-dist/tex/latex/base/size10.clo
File: size10.clo 2021/10/04 v1.4n Standard LaTeX file (size option)
)
\c@part=\count185
\c@section=\count186
\c@subsection=\count187
\c@subsubsection=\count188
\c@paragraph=\count189
\c@subparagraph=\count190
\c@figure=\count191
\c@table=\count192
\abovecaptionskip=\skip47
\belowcaptionskip=\skip48
\bibindent=\dimen138
) (/usr/share/texlive/texmf-dist/tex/latex/geometry/geometry.sty
Package: geometry 2020/01/02 v5.9 Page Geometry
 (/usr/share/texlive/texmf-dist/tex/latex/graphics/keyval.sty
Package: keyval 2014/10/28 v1.15 key=value parser (DPC)
\KV@toks@=\toks16
) (/usr/share/texlive/texmf-dist/tex/generic/iftex/ifvtex.sty
Package: ifvtex 2019/10/25 v1.7 ifvtex legacy package. Use iftex instead.
 (/usr/share/texlive/texmf-dist/tex/generic/iftex/iftex.sty
Package: iftex 2020/03/06 v1.0d TeX engine tests
))
\Gm@cnth=\count193
\Gm@cntv=\count194
\c@Gm@tempcnt=\count195
\Gm@bindingoffset=\dimen139
\Gm@wd@mp=\dimen140
\Gm@odd@mp=\dimen141
\Gm@even@mp=\dimen142
\Gm@layoutwidth=\dimen143
\Gm@layoutheight=\dimen144
\Gm@layouthoffset=\dimen145
\Gm@layoutvoffset=\dimen146
\Gm@dimlist=\toks17
) (/usr/share/texlive/texmf-dist/tex/latex/amsmath/amsmath.sty
Package: amsmath 2021/10/15 v2.17l AMS math features
\@mathmargin=\skip49

For additional information on amsmath, use the `?' option.
(/usr/share/texlive/texmf-dist/tex/latex/amsmath/amstext.sty
Package: amstext 2021/08/26 v2.01 AMS text
 (/usr/share/texlive/texmf-dist/tex/latex/amsmath/amsgen.sty
File: amsgen.sty 1999/11/30 v2.0 generic functions
\@emptytoks=\toks18
\ex@=\dimen147
)) (/usr/share/texlive/texmf-dist/tex/latex/amsmath/amsbsy.sty
Package: amsbsy 1999/11/29 v1.2d Bold Symbols
\pmbraise@=\dimen148
) (/usr/share/texlive/texmf-dist/tex/latex/amsmath/amsopn.sty
Package: amsopn 2021/08/26 v2.02 operator names
)
\inf@bad=\count196
LaTeX Info: Redefining \frac on input line 234.
\uproot@=\count197
\leftroot@=\count198
LaTeX Info: Redefining \overline on input line 399.
\classnum@=\count199
\DOTSCASE@=\count266
LaTeX Info: Redefining \ldots on input line 496.
LaTeX Info: Redefining \dots on input line 499.
LaTeX Info: Redefining \cdots on input line 620.
\Mathstrutbox@=\box50
\strutbox@=\box51
\big@size=\dimen149
LaTeX Font Info:    Redeclaring font encoding OML on input line 743.
LaTeX Font Info:    Redeclaring font encoding OMS on input line 744.
\macc@depth=\count267
\c@MaxMatrixCols=\count268
\dotsspace@=\muskip16
\c@parentequation=\count269
\dspbrk@lvl=\count270
\tag@help=\toks19
\row@=\count271
\column@=\count272
\maxfields@=\count273
\andhelp@=\toks20
\eqnshift@=\dimen150
\alignsep@=\dimen151
\tagshift@=\dimen152
\tagwidth@=\dimen153
\totwidth@=\dimen154
\lineht@=\dimen155
\@envbody=\toks21
\multlinegap=\skip50
\multlinetaggap=\skip51
\mathdisplay@stack=\toks22
LaTeX Info: Redefining \[ on input line 2938.
LaTeX Info: Redefining \] on input line 2939.
) (/usr/share/texlive/texmf-dist/tex/latex/float/float.sty
Package: float 2001/11/08 v1.3d Float enhancements (AL)
\c@float@type=\count274
\float@exts=\toks23
\float@box=\box52
\@float@everytoks=\toks24
\@floatcapt=\box53
) (/usr/share/texlive/texmf-dist/tex/latex/hyperref/hyperref.sty
Package: hyperref 2021-06-07 v7.00m Hypertext links for LaTeX
 (/usr/share/texlive/texmf-dist/tex/generic/ltxcmds/ltxcmds.sty
Package: ltxcmds 2020-05-10 v1.25 LaTeX kernel commands for general use (HO)
) (/usr/share/texlive/texmf-dist/tex/generic/pdftexcmds/pdftexcmds.sty
Package: pdftexcmds 2020-06-27 v0.33 Utility functions of pdfTeX for LuaTeX (HO)
 (/usr/share/texlive/texmf-dist/tex/generic/infwarerr/infwarerr.sty
Package: infwarerr 2019/12/03 v1.5 Providing info/warning/error messages (HO)
)
Package pdftexcmds Info: \pdf@primitive is available.
Package pdftexcmds Info: \pdf@ifprimitive is available.
Package pdftexcmds Info: \pdfdraftmode found.
) (/usr/share/texlive/texmf-dist/tex/generic/kvsetkeys/kvsetkeys.sty
Package: kvsetkeys 2019/12/15 v1.18 Key value parser (HO)
) (/usr/share/texlive/texmf-dist/tex/generic/kvdefinekeys/kvdefinekeys.sty
Package: kvdefinekeys 2019-12-19 v1.6 Define keys (HO)
) (/usr/share/texlive/texmf-dist/tex/generic/pdfescape/pdfescape.sty
Package: pdfescape 2019/12/09 v1.15 Implements pdfTeX's escape features (HO)
) (/usr/share/texlive/texmf-dist/tex/latex/hycolor/hycolor.sty
Package: hycolor 2020-01-27 v1.10 Color options for hyperref/bookmark (HO)
) (/usr/share/texlive/texmf-dist/tex/latex/letltxmacro/letltxmacro.sty
Package: letltxmacro 2019/12/03 v1.6 Let assignment for LaTeX macros (HO)
) (/usr/share/texlive/texmf-dist/tex/latex/auxhook/auxhook.sty
Package: auxhook 2019-12-17 v1.6 Hooks for auxiliary files (HO)
) (/usr/share/texlive/texmf-dist/tex/latex/kvoptions/kvoptions.sty
Package: kvoptions 2020-10-07 v3.14 Key value format for package options (HO)
)
\@linkdim=\dimen156
\Hy@linkcounter=\count275
\Hy@pagecounter=\count276
 (/usr/share/texlive/texmf-dist/tex/latex/hyperref/pd1enc.def
File: pd1enc.def 2021-06-07 v7.00m Hyperref: PDFDocEncoding definition (HO)
Now handling font encoding PD1 ...
... no UTF-8 mapping file for font encoding PD1
) (/usr/share/texlive/texmf-dist/tex/latex/hyperref/hyperref-langpatches.def
File: hyperref-langpatches.def 2021-06-07 v7.00m Hyperref: patches for babel languages
) (/usr/share/texlive/texmf-dist/tex/generic/intcalc/intcalc.sty
Package: intcalc 2019/12/15 v1.3 Expandable calculations with integers (HO)
) (/usr/share/texlive/texmf-dist/tex/generic/etexcmds/etexcmds.sty
Package: etexcmds 2019/12/15 v1.7 Avoid name clashes with e-TeX commands (HO)
)
\Hy@SavedSpaceFactor=\count277
 (/usr/share/texlive/texmf-dist/tex/latex/hyperref/puenc.def
File: puenc.def 2021-06-07 v7.00m Hyperref: PDF Unicode definition (HO)
Now handling font encoding PU ...
... no UTF-8 mapping file for font encoding PU
)
Package hyperref Info: Hyper figures OFF on input line 4192.
Package hyperref Info: Link nesting OFF on input line 4197.
Package hyperref Info: Hyper index ON on input line 4200.
Package hyperref Info: Plain pages OFF on input line 4207.
Package hyperref Info: Backreferencing OFF on input line 4212.
Package hyperref Info: Implicit mode ON; LaTeX internals redefined.
Package hyperref Info: Bookmarks ON on input line 4445.
\c@Hy@tempcnt=\count278
 (/usr/share/texlive/texmf-dist/tex/latex/url/url.sty
\Urlmuskip=\muskip17
Package: url 2013/09/16  ver 3.4  Verb mode for urls, etc.
)
LaTeX Info: Redefining \url on input line 4804.
\XeTeXLinkMargin=\dimen157
 (/usr/share/texlive/texmf-dist/tex/generic/bitset/bitset.sty
Package: bitset 2019/12/09 v1.3 Handle bit-vector datatype (HO)
 (/usr/share/texlive/texmf-dist/tex/generic/bigintcalc/bigintcalc.sty
Package: bigintcalc 2019/12/15 v1.5 Expandable calculations on big integers (HO)
))
\Fld@menulength=\count279
\Field@Width=\dimen158
\Fld@charsize=\dimen159
Package hyperref Info: Hyper figures OFF on input line 6076.
Package hyperref Info: Link nesting OFF on input line 6081.
Package hyperref Info: Hyper index ON on input line 6084.
Package hyperref Info: backreferencing OFF on input line 6091.
Package hyperref Info: Link coloring OFF on input line 6096.
Package hyperref Info: Link coloring with OCG OFF on input line 6101.
Package hyperref Info: PDF/A mode OFF on input line 6106.
LaTeX Info: Redefining \ref on input line 6146.
LaTeX Info: Redefining \pageref on input line 6150.
 (/usr/share/texlive/texmf-dist/tex/latex/base/atbegshi-ltx.sty
Package: atbegshi-ltx 2021/01/10 v1.0c Emulation of the original atbegshi
package with kernel methods
)
\Hy@abspage=\count280
\c@Item=\count281
\c@Hfootnote=\count282
)
Package hyperref Info: Driver (autodetected): hpdftex.
 (/usr/share/texlive/texmf-dist/tex/latex/hyperref/hpdftex.def
File: hpdftex.def 2021-06-07 v7.00m Hyperref driver for pdfTeX
 (/usr/share/texlive/texmf-dist/tex/latex/base/atveryend-ltx.sty
Package: atveryend-ltx 2020/08/19 v1.0a Emulation of the original atveryend package
with kernel methods
)
\Fld@listcount=\count283
\c@bookmark@seq@number=\count284
 (/usr/share/texlive/texmf-dist/tex/latex/rerunfilecheck/rerunfilecheck.sty
Package: rerunfilecheck 2019/12/05 v1.9 Rerun checks for auxiliary files (HO)
 (/usr/share/texlive/texmf-dist/tex/generic/uniquecounter/uniquecounter.sty
Package: uniquecounter 2019/12/15 v1.4 Provide unlimited unique counter (HO)
)
Package uniquecounter Info: New unique counter `rerunfilecheck' on input line 286.
)
\Hy@SectionHShift=\skip52
) (/usr/share/texlive/texmf-dist/tex/latex/caption/subcaption.sty
Package: subcaption 2020/10/07 v1.3j Sub-captions (AR)
 (/usr/share/texlive/texmf-dist/tex/latex/caption/caption.sty
Package: caption 2020/10/26 v3.5g Customizing captions (AR)
 (/usr/share/texlive/texmf-dist/tex/latex/caption/caption3.sty
Package: caption3 2020/10/21 v2.2e caption3 kernel (AR)
\captionmargin=\dimen160
\captionmargin@=\dimen161
\captionwidth=\dimen162
\caption@tempdima=\dimen163
\caption@indent=\dimen164
\caption@parindent=\dimen165
\caption@hangindent=\dimen166
Package caption Info: Standard document class detected.
)
\c@caption@flags=\count285
\c@continuedfloat=\count286
Package caption Info: float package is loaded.
Package caption Info: hyperref package is loaded.
)
\c@subfigure=\count287
\c@subtable=\count288
) (/usr/share/texlive/texmf-dist/tex/latex/graphics/graphicx.sty
Package: graphicx 2021/09/16 v1.2d Enhanced LaTeX Graphics (DPC,SPQR)
 (/usr/share/texlive/texmf-dist/tex/latex/graphics/graphics.sty
Package: graphics 2021/03/04 v1.4d Standard LaTeX Graphics (DPC,SPQR)
 (/usr/share/texlive/texmf-dist/tex/latex/graphics/trig.sty
Package: trig 2021/08/11 v1.11 sin cos tan (DPC)
) (/usr/share/texlive/texmf-dist/tex/latex/graphics-cfg/graphics.cfg
File: graphics.cfg 2016/06/04 v1.11 sample graphics configuration
)
Package graphics Info: Driver file: pdftex.def on input line 107.
 (/usr/share/texlive/texmf-dist/tex/latex/graphics-def/pdftex.def
File: pdftex.def 2020/10/05 v1.2a Graphics/color driver for pdftex
))
\Gin@req@height=\dimen167
\Gin@req@width=\dimen168
) (/usr/share/texlive/texmf-dist/tex/latex/l3backend/l3backend-pdftex.def
File: l3backend-pdftex.def 2022-01-12 L3 backend support: PDF output (pdfTeX)
\l__color_backend_stack_int=\count289
\l__pdf_internal_box=\box54
) (./main.aux

LaTeX Warning: Label `tab:bestfit_triangle' multiply defined.

)
\openout1 = `main.aux'.

LaTeX Font Info:    Checking defaults for OML/cmm/m/it on input line 14.
LaTeX Font Info:    ... okay on input line 14.
LaTeX Font Info:    Checking defaults for OMS/cmsy/m/n on input line 14.
LaTeX Font Info:    ... okay on input line 14.
LaTeX Font Info:    Checking defaults for OT1/cmr/m/n on input line 14.
LaTeX Font Info:    ... okay on input line 14.
LaTeX Font Info:    Checking defaults for T1/cmr/m/n on input line 14.
LaTeX Font Info:    ... okay on input line 14.
LaTeX Font Info:    Checking defaults for TS1/cmr/m/n on input line 14.
LaTeX Font Info:    ... okay on input line 14.
LaTeX Font Info:    Checking defaults for OMX/cmex/m/n on input line 14.
LaTeX Font Info:    ... okay on input line 14.
LaTeX Font Info:    Checking defaults for U/cmr/m/n on input line 14.
LaTeX Font Info:    ... okay on input line 14.
LaTeX Font Info:    Checking defaults for PD1/pdf/m/n on input line 14.
LaTeX Font Info:    ... okay on input line 14.
LaTeX Font Info:    Checking defaults for PU/pdf/m/n on input line 14.
LaTeX Font Info:    ... okay on input line 14.

*geometry* driver: auto-detecting
*geometry* detected driver: pdftex
*geometry* verbose mode - [ preamble ] result:
* driver: pdftex
* paper: <default>
* layout: <same size as paper>
* layoutoffset:(h,v)=(0.0pt,0.0pt)
* modes: 
* h-part:(L,W,R)=(72.26999pt, 469.75502pt, 72.26999pt)
* v-part:(T,H,B)=(72.26999pt, 650.43001pt, 72.26999pt)
* \paperwidth=614.295pt
* \paperheight=794.96999pt
* \textwidth=469.75502pt
* \textheight=650.43001pt
* \oddsidemargin=0.0pt
* \evensidemargin=0.0pt
* \topmargin=-37.0pt
* \headheight=12.0pt
* \headsep=25.0pt
* \topskip=10.0pt
* \footskip=30.0pt
* \marginparwidth=65.0pt
* \marginparsep=11.0pt
* \columnsep=10.0pt
* \skip\footins=9.0pt plus 4.0pt minus 2.0pt
* \hoffset=0.0pt
* \voffset=0.0pt
* \mag=1000
* \@twocolumnfalse
* \@twosidefalse
* \@mparswitchfalse
* \@reversemarginfalse
* (1in=72.27pt=25.4mm, 1cm=28.453pt)

Package hyperref Info: Link coloring OFF on input line 14.
(/usr/share/texlive/texmf-dist/tex/latex/hyperref/nameref.sty
Package: nameref 2021-04-02 v2.47 Cross-referencing by name of section
 (/usr/share/texlive/texmf-dist/tex/latex/refcount/refcount.sty
Package: refcount 2019/12/15 v3.6 Data extraction from label references (HO)
) (/usr/share/texlive/texmf-dist/tex/generic/gettitlestring/gettitlestring.sty
Package: gettitlestring 2019/12/15 v1.6 Cleanup title references (HO)
)
\c@section@level=\count290
)
LaTeX Info: Redefining \ref on input line 14.
LaTeX Info: Redefining \pageref on input line 14.
LaTeX Info: Redefining \nameref on input line 14.
 (./main.out) (./main.out)
\@outlinefile=\write3
\openout3 = `main.out'.

Package caption Info: Begin \AtBeginDocument code.
Package caption Info: End \AtBeginDocument code.
 (/usr/share/texlive/texmf-dist/tex/context/base/mkii/supp-pdf.mkii
[Loading MPS to PDF converter (version 2006.09.02).]
\scratchcounter=\count291
\scratchdimen=\dimen169
\scratchbox=\box55
\nofMPsegments=\count292
\nofMParguments=\count293
\everyMPshowfont=\toks25
\MPscratchCnt=\count294
\MPscratchDim=\dimen170
\MPnumerator=\count295
\makeMPintoPDFobject=\count296
\everyMPtoPDFconversion=\toks26
) (/usr/share/texlive/texmf-dist/tex/latex/epstopdf-pkg/epstopdf-base.sty
Package: epstopdf-base 2020-01-24 v2.11 Base part for package epstopdf
Package epstopdf-base Info: Redefining graphics rule for `.eps' on input line 485.
 (/usr/share/texlive/texmf-dist/tex/latex/latexconfig/epstopdf-sys.cfg
File: epstopdf-sys.cfg 2010/07/13 v1.3 Configuration of (r)epstopdf for TeX Live
))
<fousquarewave1e2.png, id=97, 867.24pt x 578.16pt>
File: fousquarewave1e2.png Graphic file (type png)
<use fousquarewave1e2.png>
Package pdftex.def Info: fousquarewave1e2.png  used on input line 26.
(pdftex.def)             Requested size: 469.75502pt x 313.17216pt.

Underfull \hbox (badness 10000) in paragraph at lines 44--49

 []

[1

{/var/lib/texmf/fonts/map/pdftex/updmap/pdftex.map} <./fousquarewave1e2.png>]
<fousquarewave1e5.png, id=122, 867.24pt x 578.16pt>
File: fousquarewave1e5.png Graphic file (type png)
<use fousquarewave1e5.png>
Package pdftex.def Info: fousquarewave1e5.png  used on input line 52.
(pdftex.def)             Requested size: 469.75502pt x 313.17216pt.
<foutriawave1e5.png, id=126, 867.24pt x 578.16pt>
File: foutriawave1e5.png Graphic file (type png)
<use foutriawave1e5.png>
Package pdftex.def Info: foutriawave1e5.png  used on input line 81.
(pdftex.def)             Requested size: 469.75502pt x 313.17216pt.
 [2 <./fousquarewave1e5.png>]
<foutriawave1e2.png, id=138, 867.24pt x 578.16pt>
File: foutriawave1e2.png Graphic file (type png)
<use foutriawave1e2.png>
Package pdftex.def Info: foutriawave1e2.png  used on input line 96.
(pdftex.def)             Requested size: 469.75502pt x 313.17216pt.
 [3 <./foutriawave1e5.png>]
<residuals1.png, id=150, 1011.78pt x 433.62pt>
File: residuals1.png Graphic file (type png)
<use residuals1.png>
Package pdftex.def Info: residuals1.png  used on input line 137.
(pdftex.def)             Requested size: 469.75502pt x 201.32686pt.
 [4 <./foutriawave1e2.png>]
<residuals2.png, id=159, 1011.78pt x 433.62pt>
File: residuals2.png Graphic file (type png)
<use residuals2.png>
Package pdftex.def Info: residuals2.png  used on input line 146.
(pdftex.def)             Requested size: 469.75502pt x 201.32686pt.
<foupulsetrainwave1e2.png, id=164, 867.24pt x 578.16pt>
File: foupulsetrainwave1e2.png Graphic file (type png)
<use foupulsetrainwave1e2.png>
Package pdftex.def Info: foupulsetrainwave1e2.png  used on input line 164.
(pdftex.def)             Requested size: 469.75502pt x 313.17216pt.
 [5 <./residuals1.png> <./residuals2.png>]
<foupulsetrainwave1e5.png, id=176, 867.24pt x 578.16pt>
File: foupulsetrainwave1e5.png Graphic file (type png)
<use foupulsetrainwave1e5.png>
Package pdftex.def Info: foupulsetrainwave1e5.png  used on input line 174.
(pdftex.def)             Requested size: 469.75502pt x 313.17216pt.
 [6 <./foupulsetrainwave1e2.png>] [7 <./foupulsetrainwave1e5.png>]
<fousharkfins1e2.png, id=200, 867.24pt x 578.16pt>
File: fousharkfins1e2.png Graphic file (type png)
<use fousharkfins1e2.png>
Package pdftex.def Info: fousharkfins1e2.png  used on input line 226.
(pdftex.def)             Requested size: 469.75502pt x 313.17216pt.
<fousharkfins1e5.png, id=201, 867.24pt x 578.16pt>
File: fousharkfins1e5.png Graphic file (type png)
<use fousharkfins1e5.png>
Package pdftex.def Info: fousharkfins1e5.png  used on input line 234.
(pdftex.def)             Requested size: 469.75502pt x 313.17216pt.
 [8 <./fousharkfins1e2.png>]
<fousharkfinsfts1.png, id=211, 867.24pt x 433.62pt>
File: fousharkfinsfts1.png Graphic file (type png)
<use fousharkfinsfts1.png>
Package pdftex.def Info: fousharkfinsfts1.png  used on input line 246.
(pdftex.def)             Requested size: 469.75502pt x 234.87912pt.
 [9 <./fousharkfins1e5.png>]
<der_square.png, id=221, 867.24pt x 433.62pt>
File: der_square.png Graphic file (type png)
<use der_square.png>
Package pdftex.def Info: der_square.png  used on input line 268.
(pdftex.def)             Requested size: 469.75502pt x 234.87912pt.
 [10 <./fousharkfinsfts1.png>]
File: fousharkfinsfts1.png Graphic file (type png)
<use fousharkfinsfts1.png>
Package pdftex.def Info: fousharkfinsfts1.png  used on input line 283.
(pdftex.def)             Requested size: 469.75502pt x 234.87912pt.
<der_trian.png, id=234, 867.24pt x 433.62pt>
File: der_trian.png Graphic file (type png)
<use der_trian.png>
Package pdftex.def Info: der_trian.png  used on input line 296.
(pdftex.def)             Requested size: 469.75502pt x 234.87912pt.
 [11 <./der_square.png>]
<int_train.png, id=245, 867.24pt x 433.62pt>
File: int_train.png Graphic file (type png)
<use int_train.png>
Package pdftex.def Info: int_train.png  used on input line 319.
(pdftex.def)             Requested size: 469.75502pt x 234.87912pt.
 [12 <./der_trian.png>]
<der_train.png, id=256, 867.24pt x 433.62pt>
File: der_train.png Graphic file (type png)
<use der_train.png>
Package pdftex.def Info: der_train.png  used on input line 332.
(pdftex.def)             Requested size: 469.75502pt x 234.87912pt.
<band_train.png, id=260, 867.24pt x 433.62pt>
File: band_train.png Graphic file (type png)
<use band_train.png>
Package pdftex.def Info: band_train.png  used on input line 345.
(pdftex.def)             Requested size: 469.75502pt x 234.87912pt.
 [13 <./int_train.png> <./der_train.png>]
<bestfit_squarewave.png, id=275, 1156.32pt x 578.16pt>
File: bestfit_squarewave.png Graphic file (type png)
<use bestfit_squarewave.png>
Package pdftex.def Info: bestfit_squarewave.png  used on input line 382.
(pdftex.def)             Requested size: 469.75502pt x 234.87692pt.
 [14 <./band_train.png>] [15 <./bestfit_squarewave.png>]
<bestfit_sharkfins.png, id=297, 867.24pt x 722.7pt>
File: bestfit_sharkfins.png Graphic file (type png)
<use bestfit_sharkfins.png>
Package pdftex.def Info: bestfit_sharkfins.png  used on input line 455.
(pdftex.def)             Requested size: 469.75502pt x 391.46521pt.
 [16 <./bestfit_sharkfins.png>]
<bestfit_sinusoid.png, id=309, 867.24pt x 722.7pt>
File: bestfit_sinusoid.png Graphic file (type png)
<use bestfit_sinusoid.png>
Package pdftex.def Info: bestfit_sinusoid.png  used on input line 495.
(pdftex.def)             Requested size: 469.75502pt x 391.46521pt.
 [17 <./bestfit_sinusoid.png>]
<bestfit_triangle.png, id=322, 867.24pt x 722.7pt>
File: bestfit_triangle.png Graphic file (type png)
<use bestfit_triangle.png>
Package pdftex.def Info: bestfit_triangle.png  used on input line 535.
(pdftex.def)             Requested size: 469.75502pt x 391.46521pt.
 [18 <./bestfit_triangle.png>]
<bestfit_train.png, id=331, 1156.32pt x 578.16pt>
File: bestfit_train.png Graphic file (type png)
<use bestfit_train.png>
Package pdftex.def Info: bestfit_train.png  used on input line 564.
(pdftex.def)             Requested size: 469.75502pt x 234.87692pt.
<gain_squarewave.png, id=332, 467.5869pt x 289.08pt>
File: gain_squarewave.png Graphic file (type png)
<use gain_squarewave.png>
Package pdftex.def Info: gain_squarewave.png  used on input line 591.
(pdftex.def)             Requested size: 211.38832pt x 130.6891pt.
<gain_trianwave.png, id=333, 467.5869pt x 289.08pt>
File: gain_trianwave.png Graphic file (type png)
<use gain_trianwave.png>
Package pdftex.def Info: gain_trianwave.png  used on input line 598.
(pdftex.def)             Requested size: 211.38832pt x 130.6891pt.
 [19 <./bestfit_train.png>] [20 <./gain_squarewave.png> <./gain_trianwave.png>] (./main.aux)

LaTeX Warning: There were multiply-defined labels.

Package rerunfilecheck Info: File `main.out' has not changed.
(rerunfilecheck)             Checksum: C41784CFAAE052E082AF20669E0413EF;3902.
 ) 
Here is how much of TeX's memory you used:
 10981 strings out of 480171
 177870 string characters out of 5894489
 470821 words of memory out of 5000000
 28713 multiletter control sequences out of 15000+600000
 474941 words of font info for 48 fonts, out of 8000000 for 9000
 59 hyphenation exceptions out of 8191
 67i,10n,77p,487b,502s stack positions out of 5000i,500n,10000p,200000b,80000s
</usr/share/texlive/texmf-dist/fonts/type1/public/amsfonts/cm/cmbx10.pfb></usr/share/texlive/texmf-dist/fonts/type1/public/amsfonts/cm/cmbx12.pfb></usr/share/texlive/texmf-dist/fonts/type1/public/amsfonts/cm/cmex10.pfb></usr/share/texlive/texmf-dist/fonts/type1/public/amsfonts/cm/cmmi10.pfb></usr/share/texlive/texmf-dist/fonts/type1/public/amsfonts/cm/cmmi5.pfb></usr/share/texlive/texmf-dist/fonts/type1/public/amsfonts/cm/cmmi7.pfb></usr/share/texlive/texmf-dist/fonts/type1/public/amsfonts/cm/cmr10.pfb></usr/share/texlive/texmf-dist/fonts/type1/public/amsfonts/cm/cmr12.pfb></usr/share/texlive/texmf-dist/fonts/type1/public/amsfonts/cm/cmr17.pfb></usr/share/texlive/texmf-dist/fonts/type1/public/amsfonts/cm/cmr7.pfb></usr/share/texlive/texmf-dist/fonts/type1/public/amsfonts/cm/cmr9.pfb></usr/share/texlive/texmf-dist/fonts/type1/public/amsfonts/cm/cmsy10.pfb></usr/share/texlive/texmf-dist/fonts/type1/public/amsfonts/cm/cmsy7.pfb>
Output written on main.pdf (20 pages, 2306428 bytes).
PDF statistics:
 428 PDF objects out of 1000 (max. 8388607)
 317 compressed objects within 4 object streams
 85 named destinations out of 1000 (max. 500000)
 300 words of extra memory for PDF output out of 10000 (max. 10000000)

