\BOOKMARK [1][-]{section.1}{\376\377\000R\000i\000c\000o\000s\000t\000r\000u\000z\000i\000o\000n\000e\000\040\000n\000u\000m\000e\000r\000i\000c\000a\000\040\000d\000i\000\040\000f\000o\000r\000m\000e\000\040\000d\000'\000o\000n\000d\000a}{}% 1
\BOOKMARK [2][-]{subsection.1.1}{\376\377\000F\000o\000r\000m\000e\000\040\000d\000'\000o\000n\000d\000a\000\040\000q\000u\000a\000d\000r\000e}{section.1}% 2
\BOOKMARK [2][-]{subsection.1.2}{\376\377\000F\000o\000r\000m\000e\000\040\000d\000'\000o\000n\000d\000a\000\040\000t\000r\000i\000a\000n\000g\000o\000l\000a\000r\000i}{section.1}% 3
\BOOKMARK [2][-]{subsection.1.3}{\376\377\000V\000e\000r\000i\000f\000i\000c\000a\000\040\000d\000i\000\040\000c\000o\000n\000v\000e\000r\000g\000e\000n\000z\000a\000\040\000d\000e\000l\000l\000a\000\040\000s\000e\000r\000i\000e}{section.1}% 4
\BOOKMARK [2][-]{subsection.1.4}{\376\377\000T\000r\000e\000n\000i\000\040\000d\000i\000\040\000i\000m\000p\000u\000l\000s\000i}{section.1}% 5
\BOOKMARK [1][-]{section.2}{\376\377\000F\000i\000l\000t\000r\000o\000\040\000p\000a\000s\000s\000a\000\040\000b\000a\000s\000s\000o\000\040\000e\000\040\000f\000i\000l\000t\000r\000o\000\040\000p\000a\000s\000s\000a\000\040\000a\000l\000t\000o}{}% 6
\BOOKMARK [2][-]{subsection.2.1}{\376\377\000O\000n\000d\000a\000\040\000q\000u\000a\000d\000r\000a}{section.2}% 7
\BOOKMARK [3][-]{subsubsection.2.1.1}{\376\377\000F\000i\000l\000t\000r\000o\000\040\000p\000a\000s\000s\000a\000\040\000b\000a\000s\000s\000o}{subsection.2.1}% 8
\BOOKMARK [3][-]{subsubsection.2.1.2}{\376\377\000F\000i\000l\000t\000r\000o\000\040\000p\000a\000s\000s\000a\000\040\000a\000l\000t\000o}{subsection.2.1}% 9
\BOOKMARK [2][-]{subsection.2.2}{\376\377\000O\000n\000d\000a\000\040\000t\000r\000i\000a\000n\000g\000o\000l\000a\000r\000e}{section.2}% 10
\BOOKMARK [3][-]{subsubsection.2.2.1}{\376\377\000I\000n\000t\000e\000g\000r\000a\000t\000o\000r\000e}{subsection.2.2}% 11
\BOOKMARK [3][-]{subsubsection.2.2.2}{\376\377\000D\000e\000r\000i\000v\000a\000t\000o\000r\000e}{subsection.2.2}% 12
\BOOKMARK [2][-]{subsection.2.3}{\376\377\000T\000r\000e\000n\000o\000\040\000d\000i\000\040\000i\000m\000p\000u\000l\000s\000i}{section.2}% 13
\BOOKMARK [3][-]{subsubsection.2.3.1}{\376\377\000I\000n\000t\000e\000g\000r\000a\000t\000o\000r\000e}{subsection.2.3}% 14
\BOOKMARK [3][-]{subsubsection.2.3.2}{\376\377\000D\000e\000r\000i\000v\000a\000t\000o\000r\000e}{subsection.2.3}% 15
\BOOKMARK [3][-]{subsubsection.2.3.3}{\376\377\000F\000i\000l\000t\000r\000o\000\040\000p\000a\000s\000s\000a\000\040\000b\000a\000n\000d\000a}{subsection.2.3}% 16
\BOOKMARK [1][-]{section.3}{\376\377\000B\000e\000s\000t\000\040\000f\000i\000t\000\040\000d\000e\000i\000\040\000d\000a\000t\000i\000\040\000a\000c\000q\000u\000i\000s\000i\000t\000i\000\040\000c\000o\000n\000\040\000A\000r\000d\000u\000i\000n\000o}{}% 17
\BOOKMARK [2][-]{subsection.3.1}{\376\377\000O\000n\000d\000a\000\040\000q\000u\000a\000d\000r\000a}{section.3}% 18
\BOOKMARK [2][-]{subsection.3.2}{\376\377\000O\000n\000d\000a\000\040\000a\000\040\000p\000i\000n\000n\000a\000\040\000d\000i\000\040\000s\000q\000u\000a\000l\000o}{section.3}% 19
\BOOKMARK [2][-]{subsection.3.3}{\376\377\000O\000n\000d\000a\000\040\000s\000i\000n\000u\000s\000o\000i\000d\000a\000l\000e}{section.3}% 20
\BOOKMARK [2][-]{subsection.3.4}{\376\377\000O\000n\000d\000a\000\040\000t\000r\000i\000a\000n\000g\000o\000l\000a\000r\000e}{section.3}% 21
\BOOKMARK [1][-]{section.4}{\376\377\000S\000i\000m\000u\000l\000a\000z\000i\000o\000n\000e\000\040\000n\000u\000m\000e\000r\000i\000c\000a\000\040\000d\000e\000i\000\040\000g\000r\000a\000f\000i\000c\000i\000\040\000g\000u\000a\000d\000a\000g\000n\000o\000\040\000v\000s\000\040\000f\000r\000e\000q\000u\000e\000n\000z\000a}{}% 22
